android/app/build/intermediates/manifest_merge_blame_file/debug/manifest-merger-blame-debug-report.txt
1<?xml version="1.0" encoding="utf-8"?>
2<manifest xmlns:android="http://schemas.android.com/apk/res/android"
3    package="com.tclone"
4    android:versionCode="1"
5    android:versionName="1.0" >
6
7    <uses-sdk
8        android:minSdkVersion="21"
9        android:targetSdkVersion="34" />
10
11    <uses-permission android:name="android.permission.INTERNET" />
11-->src\main\AndroidManifest.xml:3:5-67
11-->src\main\AndroidManifest.xml:3:22-64
12    <uses-permission android:name="android.permission.ACCESS_NETWORK_STATE" />
12-->src\main\AndroidManifest.xml:4:5-79
12-->src\main\AndroidManifest.xml:4:22-76
13    <uses-permission android:name="android.permission.CAMERA" />
13-->src\main\AndroidManifest.xml:5:5-65
13-->src\main\AndroidManifest.xml:5:22-62
14    <uses-permission android:name="android.permission.INTERNET" />
14-->src\main\AndroidManifest.xml:3:5-67
14-->src\main\AndroidManifest.xml:3:22-64
15    <uses-permission android:name="android.permission.MODIFY_AUDIO_SETTINGS" />
15-->src\main\AndroidManifest.xml:7:5-80
15-->src\main\AndroidManifest.xml:7:22-77
16    <uses-permission android:name="android.permission.RECORD_AUDIO" />
16-->src\main\AndroidManifest.xml:8:5-71
16-->src\main\AndroidManifest.xml:8:22-68
17    <uses-permission android:name="android.permission.SYSTEM_ALERT_WINDOW" />
17-->src\main\AndroidManifest.xml:9:5-78
17-->src\main\AndroidManifest.xml:9:22-75
18    <uses-permission android:name="android.permission.WAKE_LOCK" />
18-->src\main\AndroidManifest.xml:10:5-68
18-->src\main\AndroidManifest.xml:10:22-65
19    <uses-permission
19-->src\main\AndroidManifest.xml:12:5-14:38
20        android:name="android.permission.BLUETOOTH"
20-->src\main\AndroidManifest.xml:13:9-52
21        android:maxSdkVersion="30" />
21-->src\main\AndroidManifest.xml:14:9-35
22    <uses-permission
22-->src\main\AndroidManifest.xml:15:5-17:38
23        android:name="android.permission.BLUETOOTH_ADMIN"
23-->src\main\AndroidManifest.xml:16:9-58
24        android:maxSdkVersion="30" />
24-->src\main\AndroidManifest.xml:17:9-35
25    <uses-permission android:name="android.permission.BLUETOOTH_CONNECT" />
25-->src\main\AndroidManifest.xml:19:5-76
25-->src\main\AndroidManifest.xml:19:22-73
26    <uses-permission android:name="android.permission.FOREGROUND_SERVICE" />
26-->[:rnwebrtc] AndroidManifest.xml:8:5-77
26-->[:rnwebrtc] AndroidManifest.xml:8:22-74
27    <uses-permission android:name="android.permission.FOREGROUND_SERVICE_MEDIA_PROJECTION" />
27-->[:rnwebrtc] AndroidManifest.xml:9:5-94
27-->[:rnwebrtc] AndroidManifest.xml:9:22-91
28
29    <uses-feature
29-->[:rnwebrtc] AndroidManifest.xml:11:5-14:32
30        android:name="android.hardware.usb.host"
30-->[:rnwebrtc] AndroidManifest.xml:12:9-49
31        android:required="false" />
31-->[:rnwebrtc] AndroidManifest.xml:13:9-33
32
33    <uses-permission android:name="android.permission.ACCESS_WIFI_STATE" /> <!-- See https://developer.android.com/training/package-visibility/declaring for more details. -->
33-->[com.facebook.flipper:flipper:0.201.0] AndroidManifest.xml:14:5-76
33-->[com.facebook.flipper:flipper:0.201.0] AndroidManifest.xml:14:22-73
34    <queries>
34-->[com.stripe:financial-connections:20.48.5] AndroidManifest.xml:10:5-18:15
35
36        <!-- Added to check the default browser that will host the AuthFlow. -->
37        <intent>
37-->[com.stripe:financial-connections:20.48.5] AndroidManifest.xml:13:9-17:18
38            <action android:name="android.intent.action.VIEW" />
38-->[com.stripe:financial-connections:20.48.5] AndroidManifest.xml:14:13-65
38-->[com.stripe:financial-connections:20.48.5] AndroidManifest.xml:14:21-62
39
40            <data android:scheme="http" />
40-->[com.stripe:financial-connections:20.48.5] AndroidManifest.xml:16:13-43
40-->[com.stripe:financial-connections:20.48.5] AndroidManifest.xml:16:19-40
41        </intent>
42        <!-- Added to check if Chrome is installed for browser-based payment authentication (e.g. 3DS1). -->
43        <package android:name="com.android.chrome" /> <!-- Needs to be explicitly declared on Android R+ -->
43-->[com.stripe:payments-core:20.48.5] AndroidManifest.xml:11:9-54
43-->[com.stripe:payments-core:20.48.5] AndroidManifest.xml:11:18-51
44        <package android:name="com.google.android.apps.maps" />
44-->[com.google.android.gms:play-services-maps:18.0.2] AndroidManifest.xml:33:9-64
44-->[com.google.android.gms:play-services-maps:18.0.2] AndroidManifest.xml:33:18-61
45    </queries>
46
47    <uses-feature
47-->[com.google.android.gms:play-services-maps:18.0.2] AndroidManifest.xml:26:5-28:35
48        android:glEsVersion="0x00020000"
48-->[com.google.android.gms:play-services-maps:18.0.2] AndroidManifest.xml:27:9-41
49        android:required="true" />
49-->[com.google.android.gms:play-services-maps:18.0.2] AndroidManifest.xml:28:9-32
50
51    <permission
51-->[androidx.core:core:1.12.0] AndroidManifest.xml:22:5-24:47
52        android:name="com.tclone.DYNAMIC_RECEIVER_NOT_EXPORTED_PERMISSION"
52-->[androidx.core:core:1.12.0] AndroidManifest.xml:23:9-81
53        android:protectionLevel="signature" />
53-->[androidx.core:core:1.12.0] AndroidManifest.xml:24:9-44
54
55    <uses-permission android:name="com.tclone.DYNAMIC_RECEIVER_NOT_EXPORTED_PERMISSION" />
55-->[androidx.core:core:1.12.0] AndroidManifest.xml:26:5-97
55-->[androidx.core:core:1.12.0] AndroidManifest.xml:26:22-94
56
57    <application
57-->src\main\AndroidManifest.xml:21:5-47:19
58        android:name="com.tclone.MainApplication"
58-->src\main\AndroidManifest.xml:22:7-38
59        android:allowBackup="false"
59-->src\main\AndroidManifest.xml:26:7-34
60        android:appComponentFactory="androidx.core.app.CoreComponentFactory"
60-->[androidx.core:core:1.12.0] AndroidManifest.xml:28:18-86
61        android:debuggable="true"
62        android:extractNativeLibs="true"
63        android:icon="@mipmap/ic_launcher"
63-->src\main\AndroidManifest.xml:24:7-41
64        android:label="@string/app_name"
64-->src\main\AndroidManifest.xml:23:7-39
65        android:roundIcon="@mipmap/ic_launcher_round"
65-->src\main\AndroidManifest.xml:25:7-52
66        android:theme="@style/AppTheme"
66-->src\main\AndroidManifest.xml:27:7-38
67        android:usesCleartextTraffic="true" >
67-->src\debug\AndroidManifest.xml:6:9-44
68        <activity
68-->src\main\AndroidManifest.xml:28:7-39:18
69            android:name="com.tclone.MainActivity"
69-->src\main\AndroidManifest.xml:29:9-37
70            android:configChanges="keyboard|keyboardHidden|orientation|screenLayout|screenSize|smallestScreenSize|uiMode"
70-->src\main\AndroidManifest.xml:31:9-118
71            android:exported="true"
71-->src\main\AndroidManifest.xml:34:9-32
72            android:label="@string/app_name"
72-->src\main\AndroidManifest.xml:30:9-41
73            android:launchMode="singleTask"
73-->src\main\AndroidManifest.xml:32:9-40
74            android:windowSoftInputMode="adjustResize" >
74-->src\main\AndroidManifest.xml:33:9-51
75            <intent-filter>
75-->src\main\AndroidManifest.xml:35:9-38:25
76                <action android:name="android.intent.action.MAIN" />
76-->src\main\AndroidManifest.xml:36:13-65
76-->src\main\AndroidManifest.xml:36:21-62
77
78                <category android:name="android.intent.category.LAUNCHER" />
78-->src\main\AndroidManifest.xml:37:13-73
78-->src\main\AndroidManifest.xml:37:23-70
79            </intent-filter>
80        </activity>
81
82        <service
82-->src\main\AndroidManifest.xml:41:7-133
83            android:name="live.videosdk.rnfgservice.ForegroundService"
83-->src\main\AndroidManifest.xml:41:16-74
84            android:foregroundServiceType="mediaProjection" />
84-->src\main\AndroidManifest.xml:41:75-122
85        <service android:name="live.videosdk.rnfgservice.ForegroundServiceTask" />
85-->src\main\AndroidManifest.xml:42:5-87
85-->src\main\AndroidManifest.xml:42:14-76
86
87        <meta-data
87-->src\main\AndroidManifest.xml:44:5-46:28
88            android:name="com.google.android.gms.wallet.api.enabled"
88-->src\main\AndroidManifest.xml:45:5-61
89            android:value="true" />
89-->src\main\AndroidManifest.xml:46:5-25
90
91        <service
91-->[:rnwebrtc] AndroidManifest.xml:17:9-20:19
92            android:name="live.videosdk.rnwebrtc.MediaProjectionService"
92-->[:rnwebrtc] AndroidManifest.xml:18:13-73
93            android:foregroundServiceType="mediaProjection" >
93-->[:rnwebrtc] AndroidManifest.xml:19:13-60
94        </service>
95
96        <provider
96-->[:react-native-image-picker] AndroidManifest.xml:8:9-16:20
97            android:name="com.imagepicker.ImagePickerProvider"
97-->[:react-native-image-picker] AndroidManifest.xml:9:13-63
98            android:authorities="com.tclone.imagepickerprovider"
98-->[:react-native-image-picker] AndroidManifest.xml:10:13-71
99            android:exported="false"
99-->[:react-native-image-picker] AndroidManifest.xml:11:13-37
100            android:grantUriPermissions="true" >
100-->[:react-native-image-picker] AndroidManifest.xml:12:13-47
101            <meta-data
101-->[:react-native-image-picker] AndroidManifest.xml:13:13-15:70
102                android:name="android.support.FILE_PROVIDER_PATHS"
102-->[:react-native-image-picker] AndroidManifest.xml:14:17-67
103                android:resource="@xml/imagepicker_provider_paths" />
103-->[:react-native-image-picker] AndroidManifest.xml:15:17-67
104        </provider>
105
106        <service
106-->[:react-native-webrtc] AndroidManifest.xml:14:9-17:19
107            android:name="com.oney.WebRTCModule.MediaProjectionService"
107-->[:react-native-webrtc] AndroidManifest.xml:15:13-72
108            android:foregroundServiceType="mediaProjection" >
108-->[:react-native-webrtc] AndroidManifest.xml:16:13-60
109        </service>
110
111        <activity
111-->[com.facebook.react:react-android:0.73.3] AndroidManifest.xml:19:9-21:40
112            android:name="com.facebook.react.devsupport.DevSettingsActivity"
112-->[com.facebook.react:react-android:0.73.3] AndroidManifest.xml:20:13-77
113            android:exported="false" />
113-->[com.facebook.react:react-android:0.73.3] AndroidManifest.xml:21:13-37
114        <activity
114-->[com.stripe:financial-connections:20.48.5] AndroidManifest.xml:21:9-65:20
115            android:name="com.stripe.android.financialconnections.FinancialConnectionsSheetRedirectActivity"
115-->[com.stripe:financial-connections:20.48.5] AndroidManifest.xml:22:13-109
116            android:exported="true"
116-->[com.stripe:financial-connections:20.48.5] AndroidManifest.xml:23:13-36
117            android:launchMode="singleTask" >
117-->[com.stripe:financial-connections:20.48.5] AndroidManifest.xml:24:13-44
118            <intent-filter>
118-->[com.stripe:financial-connections:20.48.5] AndroidManifest.xml:25:13-64:29
119                <action android:name="android.intent.action.VIEW" />
119-->[com.stripe:financial-connections:20.48.5] AndroidManifest.xml:14:13-65
119-->[com.stripe:financial-connections:20.48.5] AndroidManifest.xml:14:21-62
120
121                <category android:name="android.intent.category.DEFAULT" />
121-->[com.stripe:financial-connections:20.48.5] AndroidManifest.xml:28:17-76
121-->[com.stripe:financial-connections:20.48.5] AndroidManifest.xml:28:27-73
122                <category android:name="android.intent.category.BROWSABLE" />
122-->[com.stripe:financial-connections:20.48.5] AndroidManifest.xml:29:17-78
122-->[com.stripe:financial-connections:20.48.5] AndroidManifest.xml:29:27-75
123
124                <!-- Returning from app2app: return_url is triggered to reopen web AuthFlow and poll accounts. -->
125                <data
125-->[com.stripe:financial-connections:20.48.5] AndroidManifest.xml:16:13-43
126                    android:host="link-accounts"
127                    android:pathPrefix="/com.tclone/authentication_return"
128                    android:scheme="stripe-auth" />
128-->[com.stripe:financial-connections:20.48.5] AndroidManifest.xml:16:19-40
129
130                <!-- Returning from app2app: return_url is triggered to reopen native AuthFlow and poll accounts. -->
131                <data
131-->[com.stripe:financial-connections:20.48.5] AndroidManifest.xml:16:13-43
132                    android:host="link-native-accounts"
133                    android:pathPrefix="/com.tclone/authentication_return"
134                    android:scheme="stripe-auth" />
134-->[com.stripe:financial-connections:20.48.5] AndroidManifest.xml:16:19-40
135
136                <!-- End of web AuthFlow success and cancel URIs that begin with "stripe-auth://link-accounts/{app-id}/...” -->
137                <data
137-->[com.stripe:financial-connections:20.48.5] AndroidManifest.xml:16:13-43
138                    android:host="link-accounts"
139                    android:path="/com.tclone/success"
140                    android:scheme="stripe-auth" />
140-->[com.stripe:financial-connections:20.48.5] AndroidManifest.xml:16:19-40
141                <data
141-->[com.stripe:financial-connections:20.48.5] AndroidManifest.xml:16:13-43
142                    android:host="link-accounts"
143                    android:path="/com.tclone/cancel"
144                    android:scheme="stripe-auth" />
144-->[com.stripe:financial-connections:20.48.5] AndroidManifest.xml:16:19-40
145
146                <!-- Opening app2app: Web flow triggers stripe-auth://native-redirect/{app-id}/http://web-that-redirects-to-native -->
147                <data
147-->[com.stripe:financial-connections:20.48.5] AndroidManifest.xml:16:13-43
148                    android:host="native-redirect"
149                    android:pathPrefix="/com.tclone"
150                    android:scheme="stripe-auth" />
150-->[com.stripe:financial-connections:20.48.5] AndroidManifest.xml:16:19-40
151
152                <!-- Accepts success/cancel/fail URIs that begin with "stripe://auth-redirect” -->
153                <data
153-->[com.stripe:financial-connections:20.48.5] AndroidManifest.xml:16:13-43
154                    android:host="auth-redirect"
155                    android:pathPrefix="/com.tclone"
156                    android:scheme="stripe" />
156-->[com.stripe:financial-connections:20.48.5] AndroidManifest.xml:16:19-40
157            </intent-filter>
158        </activity>
159        <activity
159-->[com.stripe:financial-connections:20.48.5] AndroidManifest.xml:66:9-69:77
160            android:name="com.stripe.android.financialconnections.FinancialConnectionsSheetActivity"
160-->[com.stripe:financial-connections:20.48.5] AndroidManifest.xml:67:13-101
161            android:exported="false"
161-->[com.stripe:financial-connections:20.48.5] AndroidManifest.xml:68:13-37
162            android:theme="@style/StripeFinancialConnectionsDefaultTheme" />
162-->[com.stripe:financial-connections:20.48.5] AndroidManifest.xml:69:13-74
163        <activity
163-->[com.stripe:financial-connections:20.48.5] AndroidManifest.xml:70:9-74:58
164            android:name="com.stripe.android.financialconnections.ui.FinancialConnectionsSheetNativeActivity"
164-->[com.stripe:financial-connections:20.48.5] AndroidManifest.xml:71:13-110
165            android:exported="false"
165-->[com.stripe:financial-connections:20.48.5] AndroidManifest.xml:72:13-37
166            android:theme="@style/StripeFinancialConnectionsDefaultTheme"
166-->[com.stripe:financial-connections:20.48.5] AndroidManifest.xml:73:13-74
167            android:windowSoftInputMode="adjustResize" />
167-->[com.stripe:financial-connections:20.48.5] AndroidManifest.xml:74:13-55
168        <activity
168-->[com.stripe:paymentsheet:20.48.5] AndroidManifest.xml:8:9-11:69
169            android:name="com.stripe.android.paymentsheet.PaymentSheetActivity"
169-->[com.stripe:paymentsheet:20.48.5] AndroidManifest.xml:9:13-80
170            android:exported="false"
170-->[com.stripe:paymentsheet:20.48.5] AndroidManifest.xml:10:13-37
171            android:theme="@style/StripePaymentSheetDefaultTheme" />
171-->[com.stripe:paymentsheet:20.48.5] AndroidManifest.xml:11:13-66
172        <activity
172-->[com.stripe:paymentsheet:20.48.5] AndroidManifest.xml:12:9-15:69
173            android:name="com.stripe.android.paymentsheet.PaymentOptionsActivity"
173-->[com.stripe:paymentsheet:20.48.5] AndroidManifest.xml:13:13-82
174            android:exported="false"
174-->[com.stripe:paymentsheet:20.48.5] AndroidManifest.xml:14:13-37
175            android:theme="@style/StripePaymentSheetDefaultTheme" />
175-->[com.stripe:paymentsheet:20.48.5] AndroidManifest.xml:15:13-66
176        <activity
176-->[com.stripe:paymentsheet:20.48.5] AndroidManifest.xml:16:9-19:69
177            android:name="com.stripe.android.customersheet.CustomerSheetActivity"
177-->[com.stripe:paymentsheet:20.48.5] AndroidManifest.xml:17:13-82
178            android:exported="false"
178-->[com.stripe:paymentsheet:20.48.5] AndroidManifest.xml:18:13-37
179            android:theme="@style/StripePaymentSheetDefaultTheme" />
179-->[com.stripe:paymentsheet:20.48.5] AndroidManifest.xml:19:13-66
180        <activity
180-->[com.stripe:paymentsheet:20.48.5] AndroidManifest.xml:20:9-23:69
181            android:name="com.stripe.android.paymentsheet.addresselement.AddressElementActivity"
181-->[com.stripe:paymentsheet:20.48.5] AndroidManifest.xml:21:13-97
182            android:exported="false"
182-->[com.stripe:paymentsheet:20.48.5] AndroidManifest.xml:22:13-37
183            android:theme="@style/StripePaymentSheetDefaultTheme" />
183-->[com.stripe:paymentsheet:20.48.5] AndroidManifest.xml:23:13-66
184        <activity
184-->[com.stripe:paymentsheet:20.48.5] AndroidManifest.xml:24:9-27:69
185            android:name="com.stripe.android.paymentsheet.paymentdatacollection.bacs.BacsMandateConfirmationActivity"
185-->[com.stripe:paymentsheet:20.48.5] AndroidManifest.xml:25:13-118
186            android:exported="false"
186-->[com.stripe:paymentsheet:20.48.5] AndroidManifest.xml:26:13-37
187            android:theme="@style/StripePaymentSheetDefaultTheme" />
187-->[com.stripe:paymentsheet:20.48.5] AndroidManifest.xml:27:13-66
188        <activity
188-->[com.stripe:paymentsheet:20.48.5] AndroidManifest.xml:28:9-31:69
189            android:name="com.stripe.android.paymentsheet.paymentdatacollection.polling.PollingActivity"
189-->[com.stripe:paymentsheet:20.48.5] AndroidManifest.xml:29:13-105
190            android:exported="false"
190-->[com.stripe:paymentsheet:20.48.5] AndroidManifest.xml:30:13-37
191            android:theme="@style/StripePaymentSheetDefaultTheme" />
191-->[com.stripe:paymentsheet:20.48.5] AndroidManifest.xml:31:13-66
192        <activity
192-->[com.stripe:paymentsheet:20.48.5] AndroidManifest.xml:32:9-35:69
193            android:name="com.stripe.android.paymentsheet.ui.SepaMandateActivity"
193-->[com.stripe:paymentsheet:20.48.5] AndroidManifest.xml:33:13-82
194            android:exported="false"
194-->[com.stripe:paymentsheet:20.48.5] AndroidManifest.xml:34:13-37
195            android:theme="@style/StripePaymentSheetDefaultTheme" />
195-->[com.stripe:paymentsheet:20.48.5] AndroidManifest.xml:35:13-66
196        <activity
196-->[com.stripe:paymentsheet:20.48.5] AndroidManifest.xml:36:9-39:68
197            android:name="com.stripe.android.paymentsheet.ExternalPaymentMethodProxyActivity"
197-->[com.stripe:paymentsheet:20.48.5] AndroidManifest.xml:37:13-94
198            android:exported="false"
198-->[com.stripe:paymentsheet:20.48.5] AndroidManifest.xml:38:13-37
199            android:theme="@style/StripePayLauncherDefaultTheme" />
199-->[com.stripe:paymentsheet:20.48.5] AndroidManifest.xml:39:13-65
200        <activity
200-->[com.stripe:paymentsheet:20.48.5] AndroidManifest.xml:40:9-42:69
201            android:name="com.stripe.android.paymentsheet.paymentdatacollection.cvcrecollection.CvcRecollectionActivity"
201-->[com.stripe:paymentsheet:20.48.5] AndroidManifest.xml:41:13-121
202            android:theme="@style/StripePaymentSheetDefaultTheme" />
202-->[com.stripe:paymentsheet:20.48.5] AndroidManifest.xml:42:13-66
203        <activity
203-->[com.stripe:link:20.48.5] AndroidManifest.xml:8:9-13:61
204            android:name="com.stripe.android.link.LinkForegroundActivity"
204-->[com.stripe:link:20.48.5] AndroidManifest.xml:9:13-74
205            android:autoRemoveFromRecents="true"
205-->[com.stripe:link:20.48.5] AndroidManifest.xml:10:13-49
206            android:configChanges="orientation|keyboard|keyboardHidden|screenLayout|screenSize|smallestScreenSize"
206-->[com.stripe:link:20.48.5] AndroidManifest.xml:11:13-115
207            android:launchMode="singleTop"
207-->[com.stripe:link:20.48.5] AndroidManifest.xml:12:13-43
208            android:theme="@style/StripeTransparentTheme" />
208-->[com.stripe:link:20.48.5] AndroidManifest.xml:13:13-58
209        <activity
209-->[com.stripe:link:20.48.5] AndroidManifest.xml:14:9-31:20
210            android:name="com.stripe.android.link.LinkRedirectHandlerActivity"
210-->[com.stripe:link:20.48.5] AndroidManifest.xml:15:13-79
211            android:autoRemoveFromRecents="true"
211-->[com.stripe:link:20.48.5] AndroidManifest.xml:16:13-49
212            android:exported="true"
212-->[com.stripe:link:20.48.5] AndroidManifest.xml:17:13-36
213            android:launchMode="singleInstance"
213-->[com.stripe:link:20.48.5] AndroidManifest.xml:18:13-48
214            android:theme="@style/StripeTransparentTheme" >
214-->[com.stripe:link:20.48.5] AndroidManifest.xml:19:13-58
215            <intent-filter>
215-->[com.stripe:link:20.48.5] AndroidManifest.xml:20:13-30:29
216                <action android:name="android.intent.action.VIEW" />
216-->[com.stripe:financial-connections:20.48.5] AndroidManifest.xml:14:13-65
216-->[com.stripe:financial-connections:20.48.5] AndroidManifest.xml:14:21-62
217
218                <category android:name="android.intent.category.DEFAULT" />
218-->[com.stripe:financial-connections:20.48.5] AndroidManifest.xml:28:17-76
218-->[com.stripe:financial-connections:20.48.5] AndroidManifest.xml:28:27-73
219                <category android:name="android.intent.category.BROWSABLE" />
219-->[com.stripe:financial-connections:20.48.5] AndroidManifest.xml:29:17-78
219-->[com.stripe:financial-connections:20.48.5] AndroidManifest.xml:29:27-75
220
221                <data
221-->[com.stripe:financial-connections:20.48.5] AndroidManifest.xml:16:13-43
222                    android:host="complete"
223                    android:path="/com.tclone"
224                    android:scheme="link-popup" />
224-->[com.stripe:financial-connections:20.48.5] AndroidManifest.xml:16:19-40
225            </intent-filter>
226        </activity>
227        <activity
227-->[com.stripe:payments-ui-core:20.48.5] AndroidManifest.xml:8:9-11:69
228            android:name="com.stripe.android.ui.core.cardscan.CardScanActivity"
228-->[com.stripe:payments-ui-core:20.48.5] AndroidManifest.xml:9:13-80
229            android:exported="false"
229-->[com.stripe:payments-ui-core:20.48.5] AndroidManifest.xml:10:13-37
230            android:theme="@style/StripePaymentSheetDefaultTheme" />
230-->[com.stripe:payments-ui-core:20.48.5] AndroidManifest.xml:11:13-66
231        <activity
231-->[com.stripe:payments-core:20.48.5] AndroidManifest.xml:15:9-18:57
232            android:name="com.stripe.android.view.AddPaymentMethodActivity"
232-->[com.stripe:payments-core:20.48.5] AndroidManifest.xml:16:13-76
233            android:exported="false"
233-->[com.stripe:payments-core:20.48.5] AndroidManifest.xml:17:13-37
234            android:theme="@style/StripeDefaultTheme" />
234-->[com.stripe:payments-core:20.48.5] AndroidManifest.xml:18:13-54
235        <activity
235-->[com.stripe:payments-core:20.48.5] AndroidManifest.xml:19:9-22:57
236            android:name="com.stripe.android.view.PaymentMethodsActivity"
236-->[com.stripe:payments-core:20.48.5] AndroidManifest.xml:20:13-74
237            android:exported="false"
237-->[com.stripe:payments-core:20.48.5] AndroidManifest.xml:21:13-37
238            android:theme="@style/StripeDefaultTheme" />
238-->[com.stripe:payments-core:20.48.5] AndroidManifest.xml:22:13-54
239        <activity
239-->[com.stripe:payments-core:20.48.5] AndroidManifest.xml:23:9-26:57
240            android:name="com.stripe.android.view.PaymentFlowActivity"
240-->[com.stripe:payments-core:20.48.5] AndroidManifest.xml:24:13-71
241            android:exported="false"
241-->[com.stripe:payments-core:20.48.5] AndroidManifest.xml:25:13-37
242            android:theme="@style/StripeDefaultTheme" />
242-->[com.stripe:payments-core:20.48.5] AndroidManifest.xml:26:13-54
243        <activity
243-->[com.stripe:payments-core:20.48.5] AndroidManifest.xml:27:9-30:57
244            android:name="com.stripe.android.view.PaymentAuthWebViewActivity"
244-->[com.stripe:payments-core:20.48.5] AndroidManifest.xml:28:13-78
245            android:exported="false"
245-->[com.stripe:payments-core:20.48.5] AndroidManifest.xml:29:13-37
246            android:theme="@style/StripeDefaultTheme" />
246-->[com.stripe:payments-core:20.48.5] AndroidManifest.xml:30:13-54
247        <activity
247-->[com.stripe:payments-core:20.48.5] AndroidManifest.xml:31:9-34:61
248            android:name="com.stripe.android.view.PaymentRelayActivity"
248-->[com.stripe:payments-core:20.48.5] AndroidManifest.xml:32:13-72
249            android:exported="false"
249-->[com.stripe:payments-core:20.48.5] AndroidManifest.xml:33:13-37
250            android:theme="@style/StripeTransparentTheme" />
250-->[com.stripe:payments-core:20.48.5] AndroidManifest.xml:34:13-58
251        <!--
252        Set android:launchMode="singleTop" so that the StripeBrowserLauncherActivity instance that
253        launched the browser Activity will also handle the return URL deep link.
254        -->
255        <activity
255-->[com.stripe:payments-core:20.48.5] AndroidManifest.xml:40:9-44:61
256            android:name="com.stripe.android.payments.StripeBrowserLauncherActivity"
256-->[com.stripe:payments-core:20.48.5] AndroidManifest.xml:41:13-85
257            android:exported="false"
257-->[com.stripe:payments-core:20.48.5] AndroidManifest.xml:42:13-37
258            android:launchMode="singleTask"
258-->[com.stripe:payments-core:20.48.5] AndroidManifest.xml:43:13-44
259            android:theme="@style/StripeTransparentTheme" />
259-->[com.stripe:payments-core:20.48.5] AndroidManifest.xml:44:13-58
260        <activity
260-->[com.stripe:payments-core:20.48.5] AndroidManifest.xml:45:9-62:20
261            android:name="com.stripe.android.payments.StripeBrowserProxyReturnActivity"
261-->[com.stripe:payments-core:20.48.5] AndroidManifest.xml:46:13-88
262            android:exported="true"
262-->[com.stripe:payments-core:20.48.5] AndroidManifest.xml:47:13-36
263            android:launchMode="singleTask"
263-->[com.stripe:payments-core:20.48.5] AndroidManifest.xml:48:13-44
264            android:theme="@style/StripeTransparentTheme" >
264-->[com.stripe:payments-core:20.48.5] AndroidManifest.xml:49:13-58
265            <intent-filter>
265-->[com.stripe:payments-core:20.48.5] AndroidManifest.xml:50:13-61:29
266                <action android:name="android.intent.action.VIEW" />
266-->[com.stripe:financial-connections:20.48.5] AndroidManifest.xml:14:13-65
266-->[com.stripe:financial-connections:20.48.5] AndroidManifest.xml:14:21-62
267
268                <category android:name="android.intent.category.DEFAULT" />
268-->[com.stripe:financial-connections:20.48.5] AndroidManifest.xml:28:17-76
268-->[com.stripe:financial-connections:20.48.5] AndroidManifest.xml:28:27-73
269                <category android:name="android.intent.category.BROWSABLE" />
269-->[com.stripe:financial-connections:20.48.5] AndroidManifest.xml:29:17-78
269-->[com.stripe:financial-connections:20.48.5] AndroidManifest.xml:29:27-75
270
271                <!-- Must match `DefaultReturnUrl#value`. -->
272                <data
272-->[com.stripe:financial-connections:20.48.5] AndroidManifest.xml:16:13-43
273                    android:host="payment_return_url"
274                    android:path="/com.tclone"
275                    android:scheme="stripesdk" />
275-->[com.stripe:financial-connections:20.48.5] AndroidManifest.xml:16:19-40
276            </intent-filter>
277        </activity>
278        <activity
278-->[com.stripe:payments-core:20.48.5] AndroidManifest.xml:63:9-66:57
279            android:name="com.stripe.android.payments.core.authentication.threeds2.Stripe3ds2TransactionActivity"
279-->[com.stripe:payments-core:20.48.5] AndroidManifest.xml:64:13-114
280            android:exported="false"
280-->[com.stripe:payments-core:20.48.5] AndroidManifest.xml:65:13-37
281            android:theme="@style/StripeDefaultTheme" />
281-->[com.stripe:payments-core:20.48.5] AndroidManifest.xml:66:13-54
282        <activity
282-->[com.stripe:payments-core:20.48.5] AndroidManifest.xml:67:9-70:66
283            android:name="com.stripe.android.googlepaylauncher.GooglePayLauncherActivity"
283-->[com.stripe:payments-core:20.48.5] AndroidManifest.xml:68:13-90
284            android:exported="false"
284-->[com.stripe:payments-core:20.48.5] AndroidManifest.xml:69:13-37
285            android:theme="@style/StripeGooglePayDefaultTheme" />
285-->[com.stripe:payments-core:20.48.5] AndroidManifest.xml:70:13-63
286        <activity
286-->[com.stripe:payments-core:20.48.5] AndroidManifest.xml:71:9-74:66
287            android:name="com.stripe.android.googlepaylauncher.GooglePayPaymentMethodLauncherActivity"
287-->[com.stripe:payments-core:20.48.5] AndroidManifest.xml:72:13-103
288            android:exported="false"
288-->[com.stripe:payments-core:20.48.5] AndroidManifest.xml:73:13-37
289            android:theme="@style/StripeGooglePayDefaultTheme" />
289-->[com.stripe:payments-core:20.48.5] AndroidManifest.xml:74:13-63
290        <activity
290-->[com.stripe:payments-core:20.48.5] AndroidManifest.xml:75:9-78:68